<?xml version="1.0" encoding="UTF-8" standalone="no"?>
<!DOCTYPE log SYSTEM "logger.dtd">
<log>
<record>
  <date>2021-11-24T02:47:43.544376160Z</date>
  <millis>1637722063544</millis>
  <nanos>376160</nanos>
  <sequence>4</sequence>
  <logger>org.uma.jmetal.util.JMetalLogger</logger>
  <level>INFO</level>
  <class>org.uma.jmetal.util.JMetalLogger</class>
  <method>configureLoggers</method>
  <thread>44</thread>
  <message>Loggers configured with null</message>
</record>
<record>
  <date>2021-11-24T02:47:43.551975308Z</date>
  <millis>1637722063551</millis>
  <nanos>975308</nanos>
  <sequence>5</sequence>
  <logger>org.uma.jmetal.util.JMetalLogger</logger>
  <level>INFO</level>
  <class>org.uma.jmetal.algorithm.multiobjective.nsgaiii.NSGAIII</class>
  <method>&lt;init&gt;</method>
  <thread>44</thread>
  <message>rpssize: 91</message>
</record>
<record>
  <date>2021-11-24T02:47:44.951568199Z</date>
  <millis>1637722064951</millis>
  <nanos>568199</nanos>
  <sequence>6</sequence>
  <logger>org.uma.jmetal.util.JMetalLogger</logger>
  <level>INFO</level>
  <class>org.uma.jmetal.algorithm.multiobjective.nsgaiii.NSGAIII</class>
  <method>&lt;init&gt;</method>
  <thread>44</thread>
  <message>rpssize: 91</message>
</record>
<record>
  <date>2021-11-24T02:47:46.239569019Z</date>
  <millis>1637722066239</millis>
  <nanos>569019</nanos>
  <sequence>7</sequence>
  <logger>org.uma.jmetal.util.JMetalLogger</logger>
  <level>INFO</level>
  <class>org.uma.jmetal.algorithm.multiobjective.nsgaiii.NSGAIII</class>
  <method>&lt;init&gt;</method>
  <thread>44</thread>
  <message>rpssize: 91</message>
</record>
<record>
  <date>2021-11-24T02:47:47.200971641Z</date>
  <millis>1637722067200</millis>
  <nanos>971641</nanos>
  <sequence>8</sequence>
  <logger>org.uma.jmetal.util.JMetalLogger</logger>
  <level>INFO</level>
  <class>org.uma.jmetal.algorithm.multiobjective.nsgaiii.NSGAIII</class>
  <method>&lt;init&gt;</method>
  <thread>48</thread>
  <message>rpssize: 91</message>
</record>
<record>
  <date>2021-11-24T02:47:47.544463655Z</date>
  <millis>1637722067544</millis>
  <nanos>463655</nanos>
  <sequence>9</sequence>
  <logger>org.uma.jmetal.util.JMetalLogger</logger>
  <level>INFO</level>
  <class>org.uma.jmetal.algorithm.multiobjective.nsgaiii.NSGAIII</class>
  <method>&lt;init&gt;</method>
  <thread>44</thread>
  <message>rpssize: 91</message>
</record>
<record>
  <date>2021-11-24T02:47:48.520701301Z</date>
  <millis>1637722068520</millis>
  <nanos>701301</nanos>
  <sequence>10</sequence>
  <logger>org.uma.jmetal.util.JMetalLogger</logger>
  <level>INFO</level>
  <class>org.uma.jmetal.algorithm.multiobjective.nsgaiii.NSGAIII</class>
  <method>&lt;init&gt;</method>
  <thread>48</thread>
  <message>rpssize: 91</message>
</record>
<record>
  <date>2021-11-24T02:47:48.847438512Z</date>
  <millis>1637722068847</millis>
  <nanos>438512</nanos>
  <sequence>11</sequence>
  <logger>org.uma.jmetal.util.JMetalLogger</logger>
  <level>INFO</level>
  <class>org.uma.jmetal.algorithm.multiobjective.nsgaiii.NSGAIII</class>
  <method>&lt;init&gt;</method>
  <thread>44</thread>
  <message>rpssize: 91</message>
</record>
<record>
  <date>2021-11-24T02:47:49.730852673Z</date>
  <millis>1637722069730</millis>
  <nanos>852673</nanos>
  <sequence>12</sequence>
  <logger>org.uma.jmetal.util.JMetalLogger</logger>
  <level>INFO</level>
  <class>org.uma.jmetal.algorithm.multiobjective.nsgaiii.NSGAIII</class>
  <method>&lt;init&gt;</method>
  <thread>48</thread>
  <message>rpssize: 91</message>
</record>
<record>
  <date>2021-11-24T02:47:49.949431250Z</date>
  <millis>1637722069949</millis>
  <nanos>431250</nanos>
  <sequence>13</sequence>
  <logger>org.uma.jmetal.util.JMetalLogger</logger>
  <level>INFO</level>
  <class>org.uma.jmetal.algorithm.multiobjective.nsgaiii.NSGAIII</class>
  <method>&lt;init&gt;</method>
  <thread>44</thread>
  <message>rpssize: 91</message>
</record>
<record>
  <date>2021-11-24T02:47:50.601935972Z</date>
  <millis>1637722070601</millis>
  <nanos>935972</nanos>
  <sequence>14</sequence>
  <logger>org.uma.jmetal.util.JMetalLogger</logger>
  <level>INFO</level>
  <class>org.uma.jmetal.algorithm.multiobjective.nsgaiii.NSGAIII</class>
  <method>&lt;init&gt;</method>
  <thread>48</thread>
  <message>rpssize: 91</message>
</record>
<record>
  <date>2021-11-24T02:47:50.774517865Z</date>
  <millis>1637722070774</millis>
  <nanos>517865</nanos>
  <sequence>15</sequence>
  <logger>org.uma.jmetal.util.JMetalLogger</logger>
  <level>INFO</level>
  <class>org.uma.jmetal.algorithm.multiobjective.nsgaiii.NSGAIII</class>
  <method>&lt;init&gt;</method>
  <thread>44</thread>
  <message>rpssize: 91</message>
</record>
<record>
  <date>2021-11-24T02:47:51.374228873Z</date>
  <millis>1637722071374</millis>
  <nanos>228873</nanos>
  <sequence>16</sequence>
  <logger>org.uma.jmetal.util.JMetalLogger</logger>
  <level>INFO</level>
  <class>org.uma.jmetal.algorithm.multiobjective.nsgaiii.NSGAIII</class>
  <method>&lt;init&gt;</method>
  <thread>48</thread>
  <message>rpssize: 91</message>
</record>
<record>
  <date>2021-11-24T02:47:52.149587815Z</date>
  <millis>1637722072149</millis>
  <nanos>587815</nanos>
  <sequence>17</sequence>
  <logger>org.uma.jmetal.util.JMetalLogger</logger>
  <level>INFO</level>
  <class>org.uma.jmetal.algorithm.multiobjective.nsgaiii.NSGAIII</class>
  <method>&lt;init&gt;</method>
  <thread>48</thread>
  <message>rpssize: 91</message>
</record>
<record>
  <date>2021-11-24T02:47:52.929289723Z</date>
  <millis>1637722072929</millis>
  <nanos>289723</nanos>
  <sequence>18</sequence>
  <logger>org.uma.jmetal.util.JMetalLogger</logger>
  <level>INFO</level>
  <class>org.uma.jmetal.algorithm.multiobjective.nsgaiii.NSGAIII</class>
  <method>&lt;init&gt;</method>
  <thread>48</thread>
  <message>rpssize: 91</message>
</record>
<record>
  <date>2021-11-24T02:48:18.209147888Z</date>
  <millis>1637722098209</millis>
  <nanos>147888</nanos>
  <sequence>19</sequence>
  <logger>org.apache.coyote.http11.Http11NioProtocol</logger>
  <level>INFO</level>
  <class>org.apache.coyote.AbstractProtocol</class>
  <method>pause</method>
  <thread>36</thread>
  <message>Pausing ProtocolHandler ["http-nio-9091"]</message>
</record>
<record>
  <date>2021-11-24T02:48:18.209995169Z</date>
  <millis>1637722098209</millis>
  <nanos>995169</nanos>
  <sequence>20</sequence>
  <logger>org.apache.catalina.core.StandardService</logger>
  <level>INFO</level>
  <class>org.apache.catalina.core.StandardService</class>
  <method>stopInternal</method>
  <thread>36</thread>
  <message>Stopping service [Tomcat]</message>
</record>
<record>
  <date>2021-11-24T02:48:18.212050487Z</date>
  <millis>1637722098212</millis>
  <nanos>50487</nanos>
  <sequence>21</sequence>
  <logger>org.apache.catalina.core.ContainerBase.[Tomcat].[localhost].[/]</logger>
  <level>INFO</level>
  <class>org.apache.catalina.core.ApplicationContext</class>
  <method>log</method>
  <thread>36</thread>
  <message>Destroying Spring FrameworkServlet 'dispatcherServlet'</message>
</record>
<record>
  <date>2021-11-24T02:48:18.216966234Z</date>
  <millis>1637722098216</millis>
  <nanos>966234</nanos>
  <sequence>22</sequence>
  <logger>org.apache.catalina.loader.WebappClassLoaderBase</logger>
  <level>WARNING</level>
  <class>org.apache.catalina.loader.WebappClassLoaderBase</class>
  <method>clearReferencesThreads</method>
  <thread>36</thread>
  <message>The web application [ROOT] appears to have started a thread named [MVStore background writer nio:/home/arthur/tomicroservices-saas.mv.db] but has failed to stop it. This is very likely to create a memory leak. Stack trace of thread:
 java.base@16.0.2/java.lang.Object.wait(Native Method)
 app//org.h2.mvstore.MVStore$BackgroundWriterThread.run(MVStore.java:3283)</message>
</record>
<record>
  <date>2021-11-24T02:48:18.218322584Z</date>
  <millis>1637722098218</millis>
  <nanos>322584</nanos>
  <sequence>23</sequence>
  <logger>org.apache.catalina.loader.WebappClassLoaderBase</logger>
  <level>WARNING</level>
  <class>org.apache.catalina.loader.WebappClassLoaderBase</class>
  <method>clearReferencesThreads</method>
  <thread>36</thread>
  <message>The web application [ROOT] appears to have started a thread named [HikariPool-1 housekeeper] but has failed to stop it. This is very likely to create a memory leak. Stack trace of thread:
 java.base@16.0.2/jdk.internal.misc.Unsafe.park(Native Method)
 java.base@16.0.2/java.util.concurrent.locks.LockSupport.parkNanos(LockSupport.java:252)
 java.base@16.0.2/java.util.concurrent.locks.AbstractQueuedSynchronizer$ConditionObject.awaitNanos(AbstractQueuedSynchronizer.java:1661)
 java.base@16.0.2/java.util.concurrent.ScheduledThreadPoolExecutor$DelayedWorkQueue.take(ScheduledThreadPoolExecutor.java:1182)
 java.base@16.0.2/java.util.concurrent.ScheduledThreadPoolExecutor$DelayedWorkQueue.take(ScheduledThreadPoolExecutor.java:899)
 java.base@16.0.2/java.util.concurrent.ThreadPoolExecutor.getTask(ThreadPoolExecutor.java:1056)
 java.base@16.0.2/java.util.concurrent.ThreadPoolExecutor.runWorker(ThreadPoolExecutor.java:1116)
 java.base@16.0.2/java.util.concurrent.ThreadPoolExecutor$Worker.run(ThreadPoolExecutor.java:630)
 java.base@16.0.2/java.lang.Thread.run(Thread.java:831)</message>
</record>
<record>
  <date>2021-11-24T02:48:18.219797658Z</date>
  <millis>1637722098219</millis>
  <nanos>797658</nanos>
  <sequence>24</sequence>
  <logger>org.apache.coyote.http11.Http11NioProtocol</logger>
  <level>INFO</level>
  <class>org.apache.coyote.AbstractProtocol</class>
  <method>stop</method>
  <thread>36</thread>
  <message>Stopping ProtocolHandler ["http-nio-9091"]</message>
</record>
<record>
  <date>2021-11-24T02:48:18.221881782Z</date>
  <millis>1637722098221</millis>
  <nanos>881782</nanos>
  <sequence>25</sequence>
  <logger>org.apache.coyote.http11.Http11NioProtocol</logger>
  <level>INFO</level>
  <class>org.apache.coyote.AbstractProtocol</class>
  <method>destroy</method>
  <thread>36</thread>
  <message>Destroying ProtocolHandler ["http-nio-9091"]</message>
</record>
<record>
  <date>2021-11-24T02:48:18.695303265Z</date>
  <millis>1637722098695</millis>
  <nanos>303265</nanos>
  <sequence>26</sequence>
  <logger>org.apache.coyote.http11.Http11NioProtocol</logger>
  <level>INFO</level>
  <class>org.apache.coyote.AbstractProtocol</class>
  <method>init</method>
  <thread>64</thread>
  <message>Initializing ProtocolHandler ["http-nio-9091"]</message>
</record>
<record>
  <date>2021-11-24T02:48:18.695856487Z</date>
  <millis>1637722098695</millis>
  <nanos>856487</nanos>
  <sequence>27</sequence>
  <logger>org.apache.catalina.core.StandardService</logger>
  <level>INFO</level>
  <class>org.apache.catalina.core.StandardService</class>
  <method>startInternal</method>
  <thread>64</thread>
  <message>Starting service [Tomcat]</message>
</record>
<record>
  <date>2021-11-24T02:48:18.696198096Z</date>
  <millis>1637722098696</millis>
  <nanos>198096</nanos>
  <sequence>28</sequence>
  <logger>org.apache.catalina.core.StandardEngine</logger>
  <level>INFO</level>
  <class>org.apache.catalina.core.StandardEngine</class>
  <method>startInternal</method>
  <thread>64</thread>
  <message>Starting Servlet engine: [Apache Tomcat/9.0.54]</message>
</record>
<record>
  <date>2021-11-24T02:48:18.709681205Z</date>
  <millis>1637722098709</millis>
  <nanos>681205</nanos>
  <sequence>29</sequence>
  <logger>org.apache.catalina.core.ContainerBase.[Tomcat].[localhost].[/]</logger>
  <level>INFO</level>
  <class>org.apache.catalina.core.ApplicationContext</class>
  <method>log</method>
  <thread>64</thread>
  <message>Initializing Spring embedded WebApplicationContext</message>
</record>
<record>
  <date>2021-11-24T02:48:19.293141573Z</date>
  <millis>1637722099293</millis>
  <nanos>141573</nanos>
  <sequence>30</sequence>
  <logger>org.apache.coyote.http11.Http11NioProtocol</logger>
  <level>INFO</level>
  <class>org.apache.coyote.AbstractProtocol</class>
  <method>start</method>
  <thread>64</thread>
  <message>Starting ProtocolHandler ["http-nio-9091"]</message>
</record>
<record>
  <date>2021-11-24T02:48:33.980463466Z</date>
  <millis>1637722113980</millis>
  <nanos>463466</nanos>
  <sequence>31</sequence>
  <logger>org.apache.catalina.core.ContainerBase.[Tomcat].[localhost].[/]</logger>
  <level>INFO</level>
  <class>org.apache.catalina.core.ApplicationContext</class>
  <method>log</method>
  <thread>75</thread>
  <message>Initializing Spring DispatcherServlet 'dispatcherServlet'</message>
</record>
<record>
  <date>2021-11-24T02:48:33.992157621Z</date>
  <millis>1637722113992</millis>
  <nanos>157621</nanos>
  <sequence>32</sequence>
  <logger>org.uma.jmetal.util.JMetalLogger</logger>
  <level>INFO</level>
  <class>org.uma.jmetal.algorithm.multiobjective.nsgaiii.NSGAIII</class>
  <method>&lt;init&gt;</method>
  <thread>75</thread>
  <message>rpssize: 91</message>
</record>
<record>
  <date>2021-11-24T02:48:35.335649790Z</date>
  <millis>1637722115335</millis>
  <nanos>649790</nanos>
  <sequence>33</sequence>
  <logger>org.uma.jmetal.util.JMetalLogger</logger>
  <level>INFO</level>
  <class>org.uma.jmetal.algorithm.multiobjective.nsgaiii.NSGAIII</class>
  <method>&lt;init&gt;</method>
  <thread>75</thread>
  <message>rpssize: 91</message>
</record>
<record>
  <date>2021-11-24T02:48:36.598089901Z</date>
  <millis>1637722116598</millis>
  <nanos>89901</nanos>
  <sequence>34</sequence>
  <logger>org.uma.jmetal.util.JMetalLogger</logger>
  <level>INFO</level>
  <class>org.uma.jmetal.algorithm.multiobjective.nsgaiii.NSGAIII</class>
  <method>&lt;init&gt;</method>
  <thread>75</thread>
  <message>rpssize: 91</message>
</record>
<record>
  <date>2021-11-24T02:48:37.879598350Z</date>
  <millis>1637722117879</millis>
  <nanos>598350</nanos>
  <sequence>35</sequence>
  <logger>org.uma.jmetal.util.JMetalLogger</logger>
  <level>INFO</level>
  <class>org.uma.jmetal.algorithm.multiobjective.nsgaiii.NSGAIII</class>
  <method>&lt;init&gt;</method>
  <thread>75</thread>
  <message>rpssize: 91</message>
</record>
<record>
  <date>2021-11-24T02:48:39.125110174Z</date>
  <millis>1637722119125</millis>
  <nanos>110174</nanos>
  <sequence>36</sequence>
  <logger>org.uma.jmetal.util.JMetalLogger</logger>
  <level>INFO</level>
  <class>org.uma.jmetal.algorithm.multiobjective.nsgaiii.NSGAIII</class>
  <method>&lt;init&gt;</method>
  <thread>75</thread>
  <message>rpssize: 91</message>
</record>
<record>
  <date>2021-11-24T02:48:40.423594615Z</date>
  <millis>1637722120423</millis>
  <nanos>594615</nanos>
  <sequence>37</sequence>
  <logger>org.uma.jmetal.util.JMetalLogger</logger>
  <level>INFO</level>
  <class>org.uma.jmetal.algorithm.multiobjective.nsgaiii.NSGAIII</class>
  <method>&lt;init&gt;</method>
  <thread>75</thread>
  <message>rpssize: 91</message>
</record>
<record>
  <date>2021-11-24T02:48:41.466369222Z</date>
  <millis>1637722121466</millis>
  <nanos>369222</nanos>
  <sequence>38</sequence>
  <logger>org.uma.jmetal.util.JMetalLogger</logger>
  <level>INFO</level>
  <class>org.uma.jmetal.algorithm.multiobjective.nsgaiii.NSGAIII</class>
  <method>&lt;init&gt;</method>
  <thread>75</thread>
  <message>rpssize: 91</message>
</record>
<record>
  <date>2021-11-24T02:48:56.472927233Z</date>
  <millis>1637722136472</millis>
  <nanos>927233</nanos>
  <sequence>39</sequence>
  <logger>org.uma.jmetal.util.JMetalLogger</logger>
  <level>INFO</level>
  <class>org.uma.jmetal.algorithm.multiobjective.nsgaiii.NSGAIII</class>
  <method>&lt;init&gt;</method>
  <thread>83</thread>
  <message>rpssize: 91</message>
</record>
<record>
  <date>2021-11-24T02:48:57.757006417Z</date>
  <millis>1637722137757</millis>
  <nanos>6417</nanos>
  <sequence>40</sequence>
  <logger>org.uma.jmetal.util.JMetalLogger</logger>
  <level>INFO</level>
  <class>org.uma.jmetal.algorithm.multiobjective.nsgaiii.NSGAIII</class>
  <method>&lt;init&gt;</method>
  <thread>83</thread>
  <message>rpssize: 91</message>
</record>
<record>
  <date>2021-11-24T02:48:59.020640030Z</date>
  <millis>1637722139020</millis>
  <nanos>640030</nanos>
  <sequence>41</sequence>
  <logger>org.uma.jmetal.util.JMetalLogger</logger>
  <level>INFO</level>
  <class>org.uma.jmetal.algorithm.multiobjective.nsgaiii.NSGAIII</class>
  <method>&lt;init&gt;</method>
  <thread>83</thread>
  <message>rpssize: 91</message>
</record>
<record>
  <date>2021-11-24T02:49:00.264666103Z</date>
  <millis>1637722140264</millis>
  <nanos>666103</nanos>
  <sequence>42</sequence>
  <logger>org.uma.jmetal.util.JMetalLogger</logger>
  <level>INFO</level>
  <class>org.uma.jmetal.algorithm.multiobjective.nsgaiii.NSGAIII</class>
  <method>&lt;init&gt;</method>
  <thread>83</thread>
  <message>rpssize: 91</message>
</record>
<record>
  <date>2021-11-24T02:49:01.529593535Z</date>
  <millis>1637722141529</millis>
  <nanos>593535</nanos>
  <sequence>43</sequence>
  <logger>org.uma.jmetal.util.JMetalLogger</logger>
  <level>INFO</level>
  <class>org.uma.jmetal.algorithm.multiobjective.nsgaiii.NSGAIII</class>
  <method>&lt;init&gt;</method>
  <thread>83</thread>
  <message>rpssize: 91</message>
</record>
<record>
  <date>2021-11-24T02:49:02.789450101Z</date>
  <millis>1637722142789</millis>
  <nanos>450101</nanos>
  <sequence>44</sequence>
  <logger>org.uma.jmetal.util.JMetalLogger</logger>
  <level>INFO</level>
  <class>org.uma.jmetal.algorithm.multiobjective.nsgaiii.NSGAIII</class>
  <method>&lt;init&gt;</method>
  <thread>83</thread>
  <message>rpssize: 91</message>
</record>
<record>
  <date>2021-11-24T02:49:03.776306675Z</date>
  <millis>1637722143776</millis>
  <nanos>306675</nanos>
  <sequence>45</sequence>
  <logger>org.uma.jmetal.util.JMetalLogger</logger>
  <level>INFO</level>
  <class>org.uma.jmetal.algorithm.multiobjective.nsgaiii.NSGAIII</class>
  <method>&lt;init&gt;</method>
  <thread>83</thread>
  <message>rpssize: 91</message>
</record>
<record>
  <date>2021-11-24T02:52:17.341002611Z</date>
  <millis>1637722337341</millis>
  <nanos>2611</nanos>
  <sequence>46</sequence>
  <logger>org.uma.jmetal.util.JMetalLogger</logger>
  <level>INFO</level>
  <class>org.uma.jmetal.algorithm.multiobjective.nsgaiii.NSGAIII</class>
  <method>&lt;init&gt;</method>
  <thread>91</thread>
  <message>rpssize: 91</message>
</record>
<record>
  <date>2021-11-24T02:52:18.631395768Z</date>
  <millis>1637722338631</millis>
  <nanos>395768</nanos>
  <sequence>47</sequence>
  <logger>org.uma.jmetal.util.JMetalLogger</logger>
  <level>INFO</level>
  <class>org.uma.jmetal.algorithm.multiobjective.nsgaiii.NSGAIII</class>
  <method>&lt;init&gt;</method>
  <thread>91</thread>
  <message>rpssize: 91</message>
</record>
<record>
  <date>2021-11-24T02:52:19.950615010Z</date>
  <millis>1637722339950</millis>
  <nanos>615010</nanos>
  <sequence>48</sequence>
  <logger>org.uma.jmetal.util.JMetalLogger</logger>
  <level>INFO</level>
  <class>org.uma.jmetal.algorithm.multiobjective.nsgaiii.NSGAIII</class>
  <method>&lt;init&gt;</method>
  <thread>91</thread>
  <message>rpssize: 91</message>
</record>
<record>
  <date>2021-11-24T02:52:21.206818594Z</date>
  <millis>1637722341206</millis>
  <nanos>818594</nanos>
  <sequence>49</sequence>
  <logger>org.uma.jmetal.util.JMetalLogger</logger>
  <level>INFO</level>
  <class>org.uma.jmetal.algorithm.multiobjective.nsgaiii.NSGAIII</class>
  <method>&lt;init&gt;</method>
  <thread>91</thread>
  <message>rpssize: 91</message>
</record>
<record>
  <date>2021-11-24T02:52:22.455117409Z</date>
  <millis>1637722342455</millis>
  <nanos>117409</nanos>
  <sequence>50</sequence>
  <logger>org.uma.jmetal.util.JMetalLogger</logger>
  <level>INFO</level>
  <class>org.uma.jmetal.algorithm.multiobjective.nsgaiii.NSGAIII</class>
  <method>&lt;init&gt;</method>
  <thread>91</thread>
  <message>rpssize: 91</message>
</record>
<record>
  <date>2021-11-24T02:52:23.714392729Z</date>
  <millis>1637722343714</millis>
  <nanos>392729</nanos>
  <sequence>51</sequence>
  <logger>org.uma.jmetal.util.JMetalLogger</logger>
  <level>INFO</level>
  <class>org.uma.jmetal.algorithm.multiobjective.nsgaiii.NSGAIII</class>
  <method>&lt;init&gt;</method>
  <thread>91</thread>
  <message>rpssize: 91</message>
</record>
<record>
  <date>2021-11-24T02:52:24.617403883Z</date>
  <millis>1637722344617</millis>
  <nanos>403883</nanos>
  <sequence>52</sequence>
  <logger>org.uma.jmetal.util.JMetalLogger</logger>
  <level>INFO</level>
  <class>org.uma.jmetal.algorithm.multiobjective.nsgaiii.NSGAIII</class>
  <method>&lt;init&gt;</method>
  <thread>91</thread>
  <message>rpssize: 91</message>
</record>
<record>
  <date>2021-11-24T02:54:12.358385927Z</date>
  <millis>1637722452358</millis>
  <nanos>385927</nanos>
  <sequence>53</sequence>
  <logger>org.uma.jmetal.util.JMetalLogger</logger>
  <level>INFO</level>
  <class>org.uma.jmetal.algorithm.multiobjective.nsgaiii.NSGAIII</class>
  <method>&lt;init&gt;</method>
  <thread>99</thread>
  <message>rpssize: 91</message>
</record>
<record>
  <date>2021-11-24T02:54:13.707848450Z</date>
  <millis>1637722453707</millis>
  <nanos>848450</nanos>
  <sequence>54</sequence>
  <logger>org.uma.jmetal.util.JMetalLogger</logger>
  <level>INFO</level>
  <class>org.uma.jmetal.algorithm.multiobjective.nsgaiii.NSGAIII</class>
  <method>&lt;init&gt;</method>
  <thread>99</thread>
  <message>rpssize: 91</message>
</record>
<record>
  <date>2021-11-24T02:54:14.968738715Z</date>
  <millis>1637722454968</millis>
  <nanos>738715</nanos>
  <sequence>55</sequence>
  <logger>org.uma.jmetal.util.JMetalLogger</logger>
  <level>INFO</level>
  <class>org.uma.jmetal.algorithm.multiobjective.nsgaiii.NSGAIII</class>
  <method>&lt;init&gt;</method>
  <thread>99</thread>
  <message>rpssize: 91</message>
</record>
<record>
  <date>2021-11-24T02:54:16.271133482Z</date>
  <millis>1637722456271</millis>
  <nanos>133482</nanos>
  <sequence>56</sequence>
  <logger>org.uma.jmetal.util.JMetalLogger</logger>
  <level>INFO</level>
  <class>org.uma.jmetal.algorithm.multiobjective.nsgaiii.NSGAIII</class>
  <method>&lt;init&gt;</method>
  <thread>99</thread>
  <message>rpssize: 91</message>
</record>
<record>
  <date>2021-11-24T02:54:17.562567191Z</date>
  <millis>1637722457562</millis>
  <nanos>567191</nanos>
  <sequence>57</sequence>
  <logger>org.uma.jmetal.util.JMetalLogger</logger>
  <level>INFO</level>
  <class>org.uma.jmetal.algorithm.multiobjective.nsgaiii.NSGAIII</class>
  <method>&lt;init&gt;</method>
  <thread>99</thread>
  <message>rpssize: 91</message>
</record>
<record>
  <date>2021-11-24T02:54:18.646586056Z</date>
  <millis>1637722458646</millis>
  <nanos>586056</nanos>
  <sequence>58</sequence>
  <logger>org.uma.jmetal.util.JMetalLogger</logger>
  <level>INFO</level>
  <class>org.uma.jmetal.algorithm.multiobjective.nsgaiii.NSGAIII</class>
  <method>&lt;init&gt;</method>
  <thread>99</thread>
  <message>rpssize: 91</message>
</record>
<record>
  <date>2021-11-24T02:54:19.442673489Z</date>
  <millis>1637722459442</millis>
  <nanos>673489</nanos>
  <sequence>59</sequence>
  <logger>org.uma.jmetal.util.JMetalLogger</logger>
  <level>INFO</level>
  <class>org.uma.jmetal.algorithm.multiobjective.nsgaiii.NSGAIII</class>
  <method>&lt;init&gt;</method>
  <thread>99</thread>
  <message>rpssize: 91</message>
</record>
<record>
  <date>2021-11-24T02:54:28.175193367Z</date>
  <millis>1637722468175</millis>
  <nanos>193367</nanos>
  <sequence>60</sequence>
  <logger>org.uma.jmetal.util.JMetalLogger</logger>
  <level>INFO</level>
  <class>org.uma.jmetal.algorithm.multiobjective.nsgaiii.NSGAIII</class>
  <method>&lt;init&gt;</method>
  <thread>107</thread>
  <message>rpssize: 91</message>
</record>
<record>
  <date>2021-11-24T02:54:28.876077678Z</date>
  <millis>1637722468876</millis>
  <nanos>77678</nanos>
  <sequence>61</sequence>
  <logger>org.uma.jmetal.util.JMetalLogger</logger>
  <level>INFO</level>
  <class>org.uma.jmetal.algorithm.multiobjective.nsgaiii.NSGAIII</class>
  <method>&lt;init&gt;</method>
  <thread>109</thread>
  <message>rpssize: 91</message>
</record>
<record>
  <date>2021-11-24T02:54:29.414319376Z</date>
  <millis>1637722469414</millis>
  <nanos>319376</nanos>
  <sequence>62</sequence>
  <logger>org.uma.jmetal.util.JMetalLogger</logger>
  <level>INFO</level>
  <class>org.uma.jmetal.algorithm.multiobjective.nsgaiii.NSGAIII</class>
  <method>&lt;init&gt;</method>
  <thread>111</thread>
  <message>rpssize: 91</message>
</record>
<record>
  <date>2021-11-24T02:54:29.477633522Z</date>
  <millis>1637722469477</millis>
  <nanos>633522</nanos>
  <sequence>63</sequence>
  <logger>org.uma.jmetal.util.JMetalLogger</logger>
  <level>INFO</level>
  <class>org.uma.jmetal.algorithm.multiobjective.nsgaiii.NSGAIII</class>
  <method>&lt;init&gt;</method>
  <thread>107</thread>
  <message>rpssize: 91</message>
</record>
<record>
  <date>2021-11-24T02:54:29.628040114Z</date>
  <millis>1637722469628</millis>
  <nanos>40114</nanos>
  <sequence>64</sequence>
  <logger>org.uma.jmetal.util.JMetalLogger</logger>
  <level>INFO</level>
  <class>org.uma.jmetal.algorithm.multiobjective.nsgaiii.NSGAIII</class>
  <method>&lt;init&gt;</method>
  <thread>114</thread>
  <message>rpssize: 91</message>
</record>
<record>
  <date>2021-11-24T02:54:29.842163915Z</date>
  <millis>1637722469842</millis>
  <nanos>163915</nanos>
  <sequence>65</sequence>
  <logger>org.uma.jmetal.util.JMetalLogger</logger>
  <level>INFO</level>
  <class>org.uma.jmetal.algorithm.multiobjective.nsgaiii.NSGAIII</class>
  <method>&lt;init&gt;</method>
  <thread>116</thread>
  <message>rpssize: 91</message>
</record>
<record>
  <date>2021-11-24T02:54:30.024050826Z</date>
  <millis>1637722470024</millis>
  <nanos>50826</nanos>
  <sequence>66</sequence>
  <logger>org.uma.jmetal.util.JMetalLogger</logger>
  <level>INFO</level>
  <class>org.uma.jmetal.algorithm.multiobjective.nsgaiii.NSGAIII</class>
  <method>&lt;init&gt;</method>
  <thread>118</thread>
  <message>rpssize: 91</message>
</record>
<record>
  <date>2021-11-24T02:54:30.642788983Z</date>
  <millis>1637722470642</millis>
  <nanos>788983</nanos>
  <sequence>67</sequence>
  <logger>org.uma.jmetal.util.JMetalLogger</logger>
  <level>INFO</level>
  <class>org.uma.jmetal.algorithm.multiobjective.nsgaiii.NSGAIII</class>
  <method>&lt;init&gt;</method>
  <thread>109</thread>
  <message>rpssize: 91</message>
</record>
<record>
  <date>2021-11-24T02:54:31.042767686Z</date>
  <millis>1637722471042</millis>
  <nanos>767686</nanos>
  <sequence>68</sequence>
  <logger>org.uma.jmetal.util.JMetalLogger</logger>
  <level>INFO</level>
  <class>org.uma.jmetal.algorithm.multiobjective.nsgaiii.NSGAIII</class>
  <method>&lt;init&gt;</method>
  <thread>107</thread>
  <message>rpssize: 91</message>
</record>
<record>
  <date>2021-11-24T02:54:31.274391011Z</date>
  <millis>1637722471274</millis>
  <nanos>391011</nanos>
  <sequence>69</sequence>
  <logger>org.uma.jmetal.util.JMetalLogger</logger>
  <level>INFO</level>
  <class>org.uma.jmetal.algorithm.multiobjective.nsgaiii.NSGAIII</class>
  <method>&lt;init&gt;</method>
  <thread>111</thread>
  <message>rpssize: 91</message>
</record>
<record>
  <date>2021-11-24T02:54:31.587193088Z</date>
  <millis>1637722471587</millis>
  <nanos>193088</nanos>
  <sequence>70</sequence>
  <logger>org.uma.jmetal.util.JMetalLogger</logger>
  <level>INFO</level>
  <class>org.uma.jmetal.algorithm.multiobjective.nsgaiii.NSGAIII</class>
  <method>&lt;init&gt;</method>
  <thread>114</thread>
  <message>rpssize: 91</message>
</record>
<record>
  <date>2021-11-24T02:54:31.694414025Z</date>
  <millis>1637722471694</millis>
  <nanos>414025</nanos>
  <sequence>71</sequence>
  <logger>org.uma.jmetal.util.JMetalLogger</logger>
  <level>INFO</level>
  <class>org.uma.jmetal.algorithm.multiobjective.nsgaiii.NSGAIII</class>
  <method>&lt;init&gt;</method>
  <thread>116</thread>
  <message>rpssize: 91</message>
</record>
<record>
  <date>2021-11-24T02:54:32.381426227Z</date>
  <millis>1637722472381</millis>
  <nanos>426227</nanos>
  <sequence>72</sequence>
  <logger>org.uma.jmetal.util.JMetalLogger</logger>
  <level>INFO</level>
  <class>org.uma.jmetal.algorithm.multiobjective.nsgaiii.NSGAIII</class>
  <method>&lt;init&gt;</method>
  <thread>118</thread>
  <message>rpssize: 91</message>
</record>
<record>
  <date>2021-11-24T02:54:32.700381591Z</date>
  <millis>1637722472700</millis>
  <nanos>381591</nanos>
  <sequence>73</sequence>
  <logger>org.uma.jmetal.util.JMetalLogger</logger>
  <level>INFO</level>
  <class>org.uma.jmetal.algorithm.multiobjective.nsgaiii.NSGAIII</class>
  <method>&lt;init&gt;</method>
  <thread>109</thread>
  <message>rpssize: 91</message>
</record>
<record>
  <date>2021-11-24T02:54:32.811754096Z</date>
  <millis>1637722472811</millis>
  <nanos>754096</nanos>
  <sequence>74</sequence>
  <logger>org.uma.jmetal.util.JMetalLogger</logger>
  <level>INFO</level>
  <class>org.uma.jmetal.algorithm.multiobjective.nsgaiii.NSGAIII</class>
  <method>&lt;init&gt;</method>
  <thread>107</thread>
  <message>rpssize: 91</message>
</record>
<record>
  <date>2021-11-24T02:54:33.104888965Z</date>
  <millis>1637722473104</millis>
  <nanos>888965</nanos>
  <sequence>75</sequence>
  <logger>org.uma.jmetal.util.JMetalLogger</logger>
  <level>INFO</level>
  <class>org.uma.jmetal.algorithm.multiobjective.nsgaiii.NSGAIII</class>
  <method>&lt;init&gt;</method>
  <thread>111</thread>
  <message>rpssize: 91</message>
</record>
<record>
  <date>2021-11-24T02:54:33.146373881Z</date>
  <millis>1637722473146</millis>
  <nanos>373881</nanos>
  <sequence>76</sequence>
  <logger>org.uma.jmetal.util.JMetalLogger</logger>
  <level>INFO</level>
  <class>org.uma.jmetal.algorithm.multiobjective.nsgaiii.NSGAIII</class>
  <method>&lt;init&gt;</method>
  <thread>114</thread>
  <message>rpssize: 91</message>
</record>
<record>
  <date>2021-11-24T02:54:33.594982484Z</date>
  <millis>1637722473594</millis>
  <nanos>982484</nanos>
  <sequence>77</sequence>
  <logger>org.uma.jmetal.util.JMetalLogger</logger>
  <level>INFO</level>
  <class>org.uma.jmetal.algorithm.multiobjective.nsgaiii.NSGAIII</class>
  <method>&lt;init&gt;</method>
  <thread>116</thread>
  <message>rpssize: 91</message>
</record>
<record>
  <date>2021-11-24T02:54:34.002699794Z</date>
  <millis>1637722474002</millis>
  <nanos>699794</nanos>
  <sequence>78</sequence>
  <logger>org.uma.jmetal.util.JMetalLogger</logger>
  <level>INFO</level>
  <class>org.uma.jmetal.algorithm.multiobjective.nsgaiii.NSGAIII</class>
  <method>&lt;init&gt;</method>
  <thread>107</thread>
  <message>rpssize: 91</message>
</record>
<record>
  <date>2021-11-24T02:54:34.003474240Z</date>
  <millis>1637722474003</millis>
  <nanos>474240</nanos>
  <sequence>79</sequence>
  <logger>org.uma.jmetal.util.JMetalLogger</logger>
  <level>INFO</level>
  <class>org.uma.jmetal.algorithm.multiobjective.nsgaiii.NSGAIII</class>
  <method>&lt;init&gt;</method>
  <thread>118</thread>
  <message>rpssize: 91</message>
</record>
<record>
  <date>2021-11-24T02:54:34.170833210Z</date>
  <millis>1637722474170</millis>
  <nanos>833210</nanos>
  <sequence>80</sequence>
  <logger>org.uma.jmetal.util.JMetalLogger</logger>
  <level>INFO</level>
  <class>org.uma.jmetal.algorithm.multiobjective.nsgaiii.NSGAIII</class>
  <method>&lt;init&gt;</method>
  <thread>109</thread>
  <message>rpssize: 91</message>
</record>
<record>
  <date>2021-11-24T02:54:34.304728297Z</date>
  <millis>1637722474304</millis>
  <nanos>728297</nanos>
  <sequence>81</sequence>
  <logger>org.uma.jmetal.util.JMetalLogger</logger>
  <level>INFO</level>
  <class>org.uma.jmetal.algorithm.multiobjective.nsgaiii.NSGAIII</class>
  <method>&lt;init&gt;</method>
  <thread>114</thread>
  <message>rpssize: 91</message>
</record>
<record>
  <date>2021-11-24T02:54:34.317817043Z</date>
  <millis>1637722474317</millis>
  <nanos>817043</nanos>
  <sequence>82</sequence>
  <logger>org.uma.jmetal.util.JMetalLogger</logger>
  <level>INFO</level>
  <class>org.uma.jmetal.algorithm.multiobjective.nsgaiii.NSGAIII</class>
  <method>&lt;init&gt;</method>
  <thread>111</thread>
  <message>rpssize: 91</message>
</record>
<record>
  <date>2021-11-24T02:54:34.672720653Z</date>
  <millis>1637722474672</millis>
  <nanos>720653</nanos>
  <sequence>83</sequence>
  <logger>org.uma.jmetal.util.JMetalLogger</logger>
  <level>INFO</level>
  <class>org.uma.jmetal.algorithm.multiobjective.nsgaiii.NSGAIII</class>
  <method>&lt;init&gt;</method>
  <thread>116</thread>
  <message>rpssize: 91</message>
</record>
<record>
  <date>2021-11-24T02:54:35.024070335Z</date>
  <millis>1637722475024</millis>
  <nanos>70335</nanos>
  <sequence>84</sequence>
  <logger>org.uma.jmetal.util.JMetalLogger</logger>
  <level>INFO</level>
  <class>org.uma.jmetal.algorithm.multiobjective.nsgaiii.NSGAIII</class>
  <method>&lt;init&gt;</method>
  <thread>118</thread>
  <message>rpssize: 91</message>
</record>
<record>
  <date>2021-11-24T02:54:35.144560629Z</date>
  <millis>1637722475144</millis>
  <nanos>560629</nanos>
  <sequence>85</sequence>
  <logger>org.uma.jmetal.util.JMetalLogger</logger>
  <level>INFO</level>
  <class>org.uma.jmetal.algorithm.multiobjective.nsgaiii.NSGAIII</class>
  <method>&lt;init&gt;</method>
  <thread>107</thread>
  <message>rpssize: 91</message>
</record>
<record>
  <date>2021-11-24T02:54:35.219619536Z</date>
  <millis>1637722475219</millis>
  <nanos>619536</nanos>
  <sequence>86</sequence>
  <logger>org.uma.jmetal.util.JMetalLogger</logger>
  <level>INFO</level>
  <class>org.uma.jmetal.algorithm.multiobjective.nsgaiii.NSGAIII</class>
  <method>&lt;init&gt;</method>
  <thread>109</thread>
  <message>rpssize: 91</message>
</record>
<record>
  <date>2021-11-24T02:54:35.341798316Z</date>
  <millis>1637722475341</millis>
  <nanos>798316</nanos>
  <sequence>87</sequence>
  <logger>org.uma.jmetal.util.JMetalLogger</logger>
  <level>INFO</level>
  <class>org.uma.jmetal.algorithm.multiobjective.nsgaiii.NSGAIII</class>
  <method>&lt;init&gt;</method>
  <thread>114</thread>
  <message>rpssize: 91</message>
</record>
<record>
  <date>2021-11-24T02:54:35.463402228Z</date>
  <millis>1637722475463</millis>
  <nanos>402228</nanos>
  <sequence>88</sequence>
  <logger>org.uma.jmetal.util.JMetalLogger</logger>
  <level>INFO</level>
  <class>org.uma.jmetal.algorithm.multiobjective.nsgaiii.NSGAIII</class>
  <method>&lt;init&gt;</method>
  <thread>111</thread>
  <message>rpssize: 91</message>
</record>
<record>
  <date>2021-11-24T02:54:35.913477666Z</date>
  <millis>1637722475913</millis>
  <nanos>477666</nanos>
  <sequence>89</sequence>
  <logger>org.uma.jmetal.util.JMetalLogger</logger>
  <level>INFO</level>
  <class>org.uma.jmetal.algorithm.multiobjective.nsgaiii.NSGAIII</class>
  <method>&lt;init&gt;</method>
  <thread>116</thread>
  <message>rpssize: 91</message>
</record>
<record>
  <date>2021-11-24T02:54:36.007863808Z</date>
  <millis>1637722476007</millis>
  <nanos>863808</nanos>
  <sequence>90</sequence>
  <logger>org.uma.jmetal.util.JMetalLogger</logger>
  <level>INFO</level>
  <class>org.uma.jmetal.algorithm.multiobjective.nsgaiii.NSGAIII</class>
  <method>&lt;init&gt;</method>
  <thread>118</thread>
  <message>rpssize: 91</message>
</record>
<record>
  <date>2021-11-24T02:54:36.215269171Z</date>
  <millis>1637722476215</millis>
  <nanos>269171</nanos>
  <sequence>91</sequence>
  <logger>org.uma.jmetal.util.JMetalLogger</logger>
  <level>INFO</level>
  <class>org.uma.jmetal.algorithm.multiobjective.nsgaiii.NSGAIII</class>
  <method>&lt;init&gt;</method>
  <thread>107</thread>
  <message>rpssize: 91</message>
</record>
<record>
  <date>2021-11-24T02:54:36.251948060Z</date>
  <millis>1637722476251</millis>
  <nanos>948060</nanos>
  <sequence>92</sequence>
  <logger>org.uma.jmetal.util.JMetalLogger</logger>
  <level>INFO</level>
  <class>org.uma.jmetal.algorithm.multiobjective.nsgaiii.NSGAIII</class>
  <method>&lt;init&gt;</method>
  <thread>109</thread>
  <message>rpssize: 91</message>
</record>
<record>
  <date>2021-11-24T02:54:36.461662704Z</date>
  <millis>1637722476461</millis>
  <nanos>662704</nanos>
  <sequence>93</sequence>
  <logger>org.uma.jmetal.util.JMetalLogger</logger>
  <level>INFO</level>
  <class>org.uma.jmetal.algorithm.multiobjective.nsgaiii.NSGAIII</class>
  <method>&lt;init&gt;</method>
  <thread>114</thread>
  <message>rpssize: 91</message>
</record>
<record>
  <date>2021-11-24T02:54:36.575080541Z</date>
  <millis>1637722476575</millis>
  <nanos>80541</nanos>
  <sequence>94</sequence>
  <logger>org.uma.jmetal.util.JMetalLogger</logger>
  <level>INFO</level>
  <class>org.uma.jmetal.algorithm.multiobjective.nsgaiii.NSGAIII</class>
  <method>&lt;init&gt;</method>
  <thread>111</thread>
  <message>rpssize: 91</message>
</record>
<record>
  <date>2021-11-24T02:54:37.084129769Z</date>
  <millis>1637722477084</millis>
  <nanos>129769</nanos>
  <sequence>95</sequence>
  <logger>org.uma.jmetal.util.JMetalLogger</logger>
  <level>INFO</level>
  <class>org.uma.jmetal.algorithm.multiobjective.nsgaiii.NSGAIII</class>
  <method>&lt;init&gt;</method>
  <thread>118</thread>
  <message>rpssize: 91</message>
</record>
<record>
  <date>2021-11-24T02:54:37.137360148Z</date>
  <millis>1637722477137</millis>
  <nanos>360148</nanos>
  <sequence>96</sequence>
  <logger>org.uma.jmetal.util.JMetalLogger</logger>
  <level>INFO</level>
  <class>org.uma.jmetal.algorithm.multiobjective.nsgaiii.NSGAIII</class>
  <method>&lt;init&gt;</method>
  <thread>116</thread>
  <message>rpssize: 91</message>
</record>
<record>
  <date>2021-11-24T02:54:37.312264871Z</date>
  <millis>1637722477312</millis>
  <nanos>264871</nanos>
  <sequence>97</sequence>
  <logger>org.uma.jmetal.util.JMetalLogger</logger>
  <level>INFO</level>
  <class>org.uma.jmetal.algorithm.multiobjective.nsgaiii.NSGAIII</class>
  <method>&lt;init&gt;</method>
  <thread>109</thread>
  <message>rpssize: 91</message>
</record>
<record>
  <date>2021-11-24T02:54:37.456771605Z</date>
  <millis>1637722477456</millis>
  <nanos>771605</nanos>
  <sequence>98</sequence>
  <logger>org.uma.jmetal.util.JMetalLogger</logger>
  <level>INFO</level>
  <class>org.uma.jmetal.algorithm.multiobjective.nsgaiii.NSGAIII</class>
  <method>&lt;init&gt;</method>
  <thread>114</thread>
  <message>rpssize: 91</message>
</record>
<record>
  <date>2021-11-24T02:54:37.796598556Z</date>
  <millis>1637722477796</millis>
  <nanos>598556</nanos>
  <sequence>99</sequence>
  <logger>org.uma.jmetal.util.JMetalLogger</logger>
  <level>INFO</level>
  <class>org.uma.jmetal.algorithm.multiobjective.nsgaiii.NSGAIII</class>
  <method>&lt;init&gt;</method>
  <thread>111</thread>
  <message>rpssize: 91</message>
</record>
<record>
  <date>2021-11-24T02:54:38.153447468Z</date>
  <millis>1637722478153</millis>
  <nanos>447468</nanos>
  <sequence>100</sequence>
  <logger>org.uma.jmetal.util.JMetalLogger</logger>
  <level>INFO</level>
  <class>org.uma.jmetal.algorithm.multiobjective.nsgaiii.NSGAIII</class>
  <method>&lt;init&gt;</method>
  <thread>118</thread>
  <message>rpssize: 91</message>
</record>
<record>
  <date>2021-11-24T02:54:38.162174587Z</date>
  <millis>1637722478162</millis>
  <nanos>174587</nanos>
  <sequence>101</sequence>
  <logger>org.uma.jmetal.util.JMetalLogger</logger>
  <level>INFO</level>
  <class>org.uma.jmetal.algorithm.multiobjective.nsgaiii.NSGAIII</class>
  <method>&lt;init&gt;</method>
  <thread>116</thread>
  <message>rpssize: 91</message>
</record>
<record>
  <date>2021-11-24T02:54:52.060684907Z</date>
  <millis>1637722492060</millis>
  <nanos>684907</nanos>
  <sequence>102</sequence>
  <logger>org.uma.jmetal.util.JMetalLogger</logger>
  <level>INFO</level>
  <class>org.uma.jmetal.algorithm.multiobjective.nsgaiii.NSGAIII</class>
  <method>&lt;init&gt;</method>
  <thread>75</thread>
  <message>rpssize: 91</message>
</record>
<record>
  <date>2021-11-24T02:54:53.334533712Z</date>
  <millis>1637722493334</millis>
  <nanos>533712</nanos>
  <sequence>103</sequence>
  <logger>org.uma.jmetal.util.JMetalLogger</logger>
  <level>INFO</level>
  <class>org.uma.jmetal.algorithm.multiobjective.nsgaiii.NSGAIII</class>
  <method>&lt;init&gt;</method>
  <thread>75</thread>
  <message>rpssize: 91</message>
</record>
<record>
  <date>2021-11-24T02:54:54.618333854Z</date>
  <millis>1637722494618</millis>
  <nanos>333854</nanos>
  <sequence>104</sequence>
  <logger>org.uma.jmetal.util.JMetalLogger</logger>
  <level>INFO</level>
  <class>org.uma.jmetal.algorithm.multiobjective.nsgaiii.NSGAIII</class>
  <method>&lt;init&gt;</method>
  <thread>75</thread>
  <message>rpssize: 91</message>
</record>
<record>
  <date>2021-11-24T02:54:55.871240728Z</date>
  <millis>1637722495871</millis>
  <nanos>240728</nanos>
  <sequence>105</sequence>
  <logger>org.uma.jmetal.util.JMetalLogger</logger>
  <level>INFO</level>
  <class>org.uma.jmetal.algorithm.multiobjective.nsgaiii.NSGAIII</class>
  <method>&lt;init&gt;</method>
  <thread>75</thread>
  <message>rpssize: 91</message>
</record>
<record>
  <date>2021-11-24T02:54:57.128185324Z</date>
  <millis>1637722497128</millis>
  <nanos>185324</nanos>
  <sequence>106</sequence>
  <logger>org.uma.jmetal.util.JMetalLogger</logger>
  <level>INFO</level>
  <class>org.uma.jmetal.algorithm.multiobjective.nsgaiii.NSGAIII</class>
  <method>&lt;init&gt;</method>
  <thread>75</thread>
  <message>rpssize: 91</message>
</record>
<record>
  <date>2021-11-24T02:54:58.411510235Z</date>
  <millis>1637722498411</millis>
  <nanos>510235</nanos>
  <sequence>107</sequence>
  <logger>org.uma.jmetal.util.JMetalLogger</logger>
  <level>INFO</level>
  <class>org.uma.jmetal.algorithm.multiobjective.nsgaiii.NSGAIII</class>
  <method>&lt;init&gt;</method>
  <thread>75</thread>
  <message>rpssize: 91</message>
</record>
<record>
  <date>2021-11-24T02:54:59.456754950Z</date>
  <millis>1637722499456</millis>
  <nanos>754950</nanos>
  <sequence>108</sequence>
  <logger>org.uma.jmetal.util.JMetalLogger</logger>
  <level>INFO</level>
  <class>org.uma.jmetal.algorithm.multiobjective.nsgaiii.NSGAIII</class>
  <method>&lt;init&gt;</method>
  <thread>75</thread>
  <message>rpssize: 91</message>
</record>
<record>
  <date>2021-11-24T02:57:52.184860711Z</date>
  <millis>1637722672184</millis>
  <nanos>860711</nanos>
  <sequence>109</sequence>
  <logger>org.uma.jmetal.util.JMetalLogger</logger>
  <level>INFO</level>
  <class>org.uma.jmetal.algorithm.multiobjective.nsgaiii.NSGAIII</class>
  <method>&lt;init&gt;</method>
  <thread>83</thread>
  <message>rpssize: 91</message>
</record>
<record>
  <date>2021-11-24T02:57:53.486652517Z</date>
  <millis>1637722673486</millis>
  <nanos>652517</nanos>
  <sequence>110</sequence>
  <logger>org.uma.jmetal.util.JMetalLogger</logger>
  <level>INFO</level>
  <class>org.uma.jmetal.algorithm.multiobjective.nsgaiii.NSGAIII</class>
  <method>&lt;init&gt;</method>
  <thread>83</thread>
  <message>rpssize: 91</message>
</record>
<record>
  <date>2021-11-24T02:57:54.766588454Z</date>
  <millis>1637722674766</millis>
  <nanos>588454</nanos>
  <sequence>111</sequence>
  <logger>org.uma.jmetal.util.JMetalLogger</logger>
  <level>INFO</level>
  <class>org.uma.jmetal.algorithm.multiobjective.nsgaiii.NSGAIII</class>
  <method>&lt;init&gt;</method>
  <thread>83</thread>
  <message>rpssize: 91</message>
</record>
<record>
  <date>2021-11-24T02:57:56.016521258Z</date>
  <millis>1637722676016</millis>
  <nanos>521258</nanos>
  <sequence>112</sequence>
  <logger>org.uma.jmetal.util.JMetalLogger</logger>
  <level>INFO</level>
  <class>org.uma.jmetal.algorithm.multiobjective.nsgaiii.NSGAIII</class>
  <method>&lt;init&gt;</method>
  <thread>83</thread>
  <message>rpssize: 91</message>
</record>
<record>
  <date>2021-11-24T02:57:56.628652546Z</date>
  <millis>1637722676628</millis>
  <nanos>652546</nanos>
  <sequence>113</sequence>
  <logger>org.uma.jmetal.util.JMetalLogger</logger>
  <level>INFO</level>
  <class>org.uma.jmetal.algorithm.multiobjective.nsgaiii.NSGAIII</class>
  <method>&lt;init&gt;</method>
  <thread>91</thread>
  <message>rpssize: 91</message>
</record>
<record>
  <date>2021-11-24T02:57:57.355478804Z</date>
  <millis>1637722677355</millis>
  <nanos>478804</nanos>
  <sequence>114</sequence>
  <logger>org.uma.jmetal.util.JMetalLogger</logger>
  <level>INFO</level>
  <class>org.uma.jmetal.algorithm.multiobjective.nsgaiii.NSGAIII</class>
  <method>&lt;init&gt;</method>
  <thread>83</thread>
  <message>rpssize: 91</message>
</record>
<record>
  <date>2021-11-24T02:57:57.906893514Z</date>
  <millis>1637722677906</millis>
  <nanos>893514</nanos>
  <sequence>115</sequence>
  <logger>org.uma.jmetal.util.JMetalLogger</logger>
  <level>INFO</level>
  <class>org.uma.jmetal.algorithm.multiobjective.nsgaiii.NSGAIII</class>
  <method>&lt;init&gt;</method>
  <thread>91</thread>
  <message>rpssize: 91</message>
</record>
<record>
  <date>2021-11-24T02:57:58.674411485Z</date>
  <millis>1637722678674</millis>
  <nanos>411485</nanos>
  <sequence>116</sequence>
  <logger>org.uma.jmetal.util.JMetalLogger</logger>
  <level>INFO</level>
  <class>org.uma.jmetal.algorithm.multiobjective.nsgaiii.NSGAIII</class>
  <method>&lt;init&gt;</method>
  <thread>83</thread>
  <message>rpssize: 91</message>
</record>
<record>
  <date>2021-11-24T02:57:58.924748217Z</date>
  <millis>1637722678924</millis>
  <nanos>748217</nanos>
  <sequence>117</sequence>
  <logger>org.uma.jmetal.util.JMetalLogger</logger>
  <level>INFO</level>
  <class>org.uma.jmetal.algorithm.multiobjective.nsgaiii.NSGAIII</class>
  <method>&lt;init&gt;</method>
  <thread>99</thread>
  <message>rpssize: 91</message>
</record>
<record>
  <date>2021-11-24T02:57:59.125278292Z</date>
  <millis>1637722679125</millis>
  <nanos>278292</nanos>
  <sequence>118</sequence>
  <logger>org.uma.jmetal.util.JMetalLogger</logger>
  <level>INFO</level>
  <class>org.uma.jmetal.algorithm.multiobjective.nsgaiii.NSGAIII</class>
  <method>&lt;init&gt;</method>
  <thread>91</thread>
  <message>rpssize: 91</message>
</record>
<record>
  <date>2021-11-24T02:57:59.676496159Z</date>
  <millis>1637722679676</millis>
  <nanos>496159</nanos>
  <sequence>119</sequence>
  <logger>org.uma.jmetal.util.JMetalLogger</logger>
  <level>INFO</level>
  <class>org.uma.jmetal.algorithm.multiobjective.nsgaiii.NSGAIII</class>
  <method>&lt;init&gt;</method>
  <thread>83</thread>
  <message>rpssize: 91</message>
</record>
<record>
  <date>2021-11-24T02:57:59.904039656Z</date>
  <millis>1637722679904</millis>
  <nanos>39656</nanos>
  <sequence>120</sequence>
  <logger>org.uma.jmetal.util.JMetalLogger</logger>
  <level>INFO</level>
  <class>org.uma.jmetal.algorithm.multiobjective.nsgaiii.NSGAIII</class>
  <method>&lt;init&gt;</method>
  <thread>99</thread>
  <message>rpssize: 91</message>
</record>
<record>
  <date>2021-11-24T02:58:00.010028708Z</date>
  <millis>1637722680010</millis>
  <nanos>28708</nanos>
  <sequence>121</sequence>
  <logger>org.uma.jmetal.util.JMetalLogger</logger>
  <level>INFO</level>
  <class>org.uma.jmetal.algorithm.multiobjective.nsgaiii.NSGAIII</class>
  <method>&lt;init&gt;</method>
  <thread>91</thread>
  <message>rpssize: 91</message>
</record>
<record>
  <date>2021-11-24T02:58:00.771823988Z</date>
  <millis>1637722680771</millis>
  <nanos>823988</nanos>
  <sequence>122</sequence>
  <logger>org.uma.jmetal.util.JMetalLogger</logger>
  <level>INFO</level>
  <class>org.uma.jmetal.algorithm.multiobjective.nsgaiii.NSGAIII</class>
  <method>&lt;init&gt;</method>
  <thread>99</thread>
  <message>rpssize: 91</message>
</record>
<record>
  <date>2021-11-24T02:58:00.877225038Z</date>
  <millis>1637722680877</millis>
  <nanos>225038</nanos>
  <sequence>123</sequence>
  <logger>org.uma.jmetal.util.JMetalLogger</logger>
  <level>INFO</level>
  <class>org.uma.jmetal.algorithm.multiobjective.nsgaiii.NSGAIII</class>
  <method>&lt;init&gt;</method>
  <thread>91</thread>
  <message>rpssize: 91</message>
</record>
<record>
  <date>2021-11-24T02:58:01.453519581Z</date>
  <millis>1637722681453</millis>
  <nanos>519581</nanos>
  <sequence>124</sequence>
  <logger>org.uma.jmetal.util.JMetalLogger</logger>
  <level>INFO</level>
  <class>org.uma.jmetal.algorithm.multiobjective.nsgaiii.NSGAIII</class>
  <method>&lt;init&gt;</method>
  <thread>107</thread>
  <message>rpssize: 91</message>
</record>
<record>
  <date>2021-11-24T02:58:01.578914766Z</date>
  <millis>1637722681578</millis>
  <nanos>914766</nanos>
  <sequence>125</sequence>
  <logger>org.uma.jmetal.util.JMetalLogger</logger>
  <level>INFO</level>
  <class>org.uma.jmetal.algorithm.multiobjective.nsgaiii.NSGAIII</class>
  <method>&lt;init&gt;</method>
  <thread>99</thread>
  <message>rpssize: 91</message>
</record>
<record>
  <date>2021-11-24T02:58:01.670787849Z</date>
  <millis>1637722681670</millis>
  <nanos>787849</nanos>
  <sequence>126</sequence>
  <logger>org.uma.jmetal.util.JMetalLogger</logger>
  <level>INFO</level>
  <class>org.uma.jmetal.algorithm.multiobjective.nsgaiii.NSGAIII</class>
  <method>&lt;init&gt;</method>
  <thread>91</thread>
  <message>rpssize: 91</message>
</record>
<record>
  <date>2021-11-24T02:58:02.300010859Z</date>
  <millis>1637722682300</millis>
  <nanos>10859</nanos>
  <sequence>127</sequence>
  <logger>org.uma.jmetal.util.JMetalLogger</logger>
  <level>INFO</level>
  <class>org.uma.jmetal.algorithm.multiobjective.nsgaiii.NSGAIII</class>
  <method>&lt;init&gt;</method>
  <thread>107</thread>
  <message>rpssize: 91</message>
</record>
<record>
  <date>2021-11-24T02:58:02.369939053Z</date>
  <millis>1637722682369</millis>
  <nanos>939053</nanos>
  <sequence>128</sequence>
  <logger>org.uma.jmetal.util.JMetalLogger</logger>
  <level>INFO</level>
  <class>org.uma.jmetal.algorithm.multiobjective.nsgaiii.NSGAIII</class>
  <method>&lt;init&gt;</method>
  <thread>99</thread>
  <message>rpssize: 91</message>
</record>
<record>
  <date>2021-11-24T02:58:02.465389487Z</date>
  <millis>1637722682465</millis>
  <nanos>389487</nanos>
  <sequence>129</sequence>
  <logger>org.uma.jmetal.util.JMetalLogger</logger>
  <level>INFO</level>
  <class>org.uma.jmetal.algorithm.multiobjective.nsgaiii.NSGAIII</class>
  <method>&lt;init&gt;</method>
  <thread>91</thread>
  <message>rpssize: 91</message>
</record>
<record>
  <date>2021-11-24T02:58:02.539753347Z</date>
  <millis>1637722682539</millis>
  <nanos>753347</nanos>
  <sequence>130</sequence>
  <logger>org.uma.jmetal.util.JMetalLogger</logger>
  <level>INFO</level>
  <class>org.uma.jmetal.algorithm.multiobjective.nsgaiii.NSGAIII</class>
  <method>&lt;init&gt;</method>
  <thread>114</thread>
  <message>rpssize: 91</message>
</record>
<record>
  <date>2021-11-24T02:58:03.098251504Z</date>
  <millis>1637722683098</millis>
  <nanos>251504</nanos>
  <sequence>131</sequence>
  <logger>org.uma.jmetal.util.JMetalLogger</logger>
  <level>INFO</level>
  <class>org.uma.jmetal.algorithm.multiobjective.nsgaiii.NSGAIII</class>
  <method>&lt;init&gt;</method>
  <thread>107</thread>
  <message>rpssize: 91</message>
</record>
<record>
  <date>2021-11-24T02:58:03.210539920Z</date>
  <millis>1637722683210</millis>
  <nanos>539920</nanos>
  <sequence>132</sequence>
  <logger>org.uma.jmetal.util.JMetalLogger</logger>
  <level>INFO</level>
  <class>org.uma.jmetal.algorithm.multiobjective.nsgaiii.NSGAIII</class>
  <method>&lt;init&gt;</method>
  <thread>99</thread>
  <message>rpssize: 91</message>
</record>
<record>
  <date>2021-11-24T02:58:03.405185216Z</date>
  <millis>1637722683405</millis>
  <nanos>185216</nanos>
  <sequence>133</sequence>
  <logger>org.uma.jmetal.util.JMetalLogger</logger>
  <level>INFO</level>
  <class>org.uma.jmetal.algorithm.multiobjective.nsgaiii.NSGAIII</class>
  <method>&lt;init&gt;</method>
  <thread>114</thread>
  <message>rpssize: 91</message>
</record>
<record>
  <date>2021-11-24T02:58:03.898275956Z</date>
  <millis>1637722683898</millis>
  <nanos>275956</nanos>
  <sequence>134</sequence>
  <logger>org.uma.jmetal.util.JMetalLogger</logger>
  <level>INFO</level>
  <class>org.uma.jmetal.algorithm.multiobjective.nsgaiii.NSGAIII</class>
  <method>&lt;init&gt;</method>
  <thread>107</thread>
  <message>rpssize: 91</message>
</record>
<record>
  <date>2021-11-24T02:58:04.037907519Z</date>
  <millis>1637722684037</millis>
  <nanos>907519</nanos>
  <sequence>135</sequence>
  <logger>org.uma.jmetal.util.JMetalLogger</logger>
  <level>INFO</level>
  <class>org.uma.jmetal.algorithm.multiobjective.nsgaiii.NSGAIII</class>
  <method>&lt;init&gt;</method>
  <thread>99</thread>
  <message>rpssize: 91</message>
</record>
<record>
  <date>2021-11-24T02:58:04.215420556Z</date>
  <millis>1637722684215</millis>
  <nanos>420556</nanos>
  <sequence>136</sequence>
  <logger>org.uma.jmetal.util.JMetalLogger</logger>
  <level>INFO</level>
  <class>org.uma.jmetal.algorithm.multiobjective.nsgaiii.NSGAIII</class>
  <method>&lt;init&gt;</method>
  <thread>114</thread>
  <message>rpssize: 91</message>
</record>
<record>
  <date>2021-11-24T02:58:04.724444816Z</date>
  <millis>1637722684724</millis>
  <nanos>444816</nanos>
  <sequence>137</sequence>
  <logger>org.uma.jmetal.util.JMetalLogger</logger>
  <level>INFO</level>
  <class>org.uma.jmetal.algorithm.multiobjective.nsgaiii.NSGAIII</class>
  <method>&lt;init&gt;</method>
  <thread>107</thread>
  <message>rpssize: 91</message>
</record>
<record>
  <date>2021-11-24T02:58:05.016632335Z</date>
  <millis>1637722685016</millis>
  <nanos>632335</nanos>
  <sequence>138</sequence>
  <logger>org.uma.jmetal.util.JMetalLogger</logger>
  <level>INFO</level>
  <class>org.uma.jmetal.algorithm.multiobjective.nsgaiii.NSGAIII</class>
  <method>&lt;init&gt;</method>
  <thread>114</thread>
  <message>rpssize: 91</message>
</record>
<record>
  <date>2021-11-24T02:58:05.524196482Z</date>
  <millis>1637722685524</millis>
  <nanos>196482</nanos>
  <sequence>139</sequence>
  <logger>org.uma.jmetal.util.JMetalLogger</logger>
  <level>INFO</level>
  <class>org.uma.jmetal.algorithm.multiobjective.nsgaiii.NSGAIII</class>
  <method>&lt;init&gt;</method>
  <thread>107</thread>
  <message>rpssize: 91</message>
</record>
<record>
  <date>2021-11-24T02:58:05.798651406Z</date>
  <millis>1637722685798</millis>
  <nanos>651406</nanos>
  <sequence>140</sequence>
  <logger>org.uma.jmetal.util.JMetalLogger</logger>
  <level>INFO</level>
  <class>org.uma.jmetal.algorithm.multiobjective.nsgaiii.NSGAIII</class>
  <method>&lt;init&gt;</method>
  <thread>114</thread>
  <message>rpssize: 91</message>
</record>
<record>
  <date>2021-11-24T02:58:06.315129816Z</date>
  <millis>1637722686315</millis>
  <nanos>129816</nanos>
  <sequence>141</sequence>
  <logger>org.uma.jmetal.util.JMetalLogger</logger>
  <level>INFO</level>
  <class>org.uma.jmetal.algorithm.multiobjective.nsgaiii.NSGAIII</class>
  <method>&lt;init&gt;</method>
  <thread>107</thread>
  <message>rpssize: 91</message>
</record>
<record>
  <date>2021-11-24T02:58:06.601648405Z</date>
  <millis>1637722686601</millis>
  <nanos>648405</nanos>
  <sequence>142</sequence>
  <logger>org.uma.jmetal.util.JMetalLogger</logger>
  <level>INFO</level>
  <class>org.uma.jmetal.algorithm.multiobjective.nsgaiii.NSGAIII</class>
  <method>&lt;init&gt;</method>
  <thread>114</thread>
  <message>rpssize: 91</message>
</record>
<record>
  <date>2021-11-24T02:58:07.399945217Z</date>
  <millis>1637722687399</millis>
  <nanos>945217</nanos>
  <sequence>143</sequence>
  <logger>org.uma.jmetal.util.JMetalLogger</logger>
  <level>INFO</level>
  <class>org.uma.jmetal.algorithm.multiobjective.nsgaiii.NSGAIII</class>
  <method>&lt;init&gt;</method>
  <thread>114</thread>
  <message>rpssize: 91</message>
</record>
